<?xml version="1.0" encoding="UTF-8"?>
<!-- Generated by org.testng.reporters.JUnitReportReporter -->
<testsuite hostname="Dnyanesh" name="com.scp.practiceform.tests.PracticeFormTest" tests="1" failures="0" timestamp="18 Jun 2018 13:05:32 GMT" time="67.702" errors="0">
  <testcase name="fillPracticeForm" time="67.702" classname="com.scp.practiceform.tests.PracticeFormTest"/>
</testsuite> <!-- com.scp.practiceform.tests.PracticeFormTest -->
