<?xml version="1.0" encoding="UTF-8"?>
<!-- Generated by org.testng.reporters.JUnitReportReporter -->
<testsuite hostname="DESKTOP-0KDP1L5" name="com.scp.practiceform.tests.OrangeHRMLoginTest" tests="6" failures="0" timestamp="17 Jun 2018 07:53:06 GMT" time="91.748" errors="0">
  <testcase name="loginTestScenarios" time="19.395" classname="com.scp.practiceform.tests.OrangeHRMLoginTest"/>
  <testcase name="loginTestScenarios" time="12.730" classname="com.scp.practiceform.tests.OrangeHRMLoginTest"/>
  <testcase name="loginTestScenarios" time="15.565" classname="com.scp.practiceform.tests.OrangeHRMLoginTest"/>
  <testcase name="loginTestScenarios" time="15.490" classname="com.scp.practiceform.tests.OrangeHRMLoginTest"/>
  <testcase name="loginTestScenarios" time="14.537" classname="com.scp.practiceform.tests.OrangeHRMLoginTest"/>
  <testcase name="loginTestScenarios" time="14.031" classname="com.scp.practiceform.tests.OrangeHRMLoginTest"/>
</testsuite> <!-- com.scp.practiceform.tests.OrangeHRMLoginTest -->
